[General Information]
Name: Galaxy Battle
Saga: What-If Saga

[Rewards]
> Acquired Z-Points (from Easy to Hard)
2500
3000
3500
> Acquired Z-Items
Draconic Aura
null
null
> Acquired Maps
null
null
null
> Acquired Characters
King Vegeta 
Great Ape King Vegeta
null
> Acquired Scenarios
Unexpected Help
null
null

[Battle Settings]
Map: Outer Space
BGM: Hot Soul

[Player 1 Team]
> Teammate 1
Character: Vegeta (Scouter)
Costume: 1
Damaged: false
COM Difficulty Level: 0
Strategy Z-Item: Goku Type
Initial Health: 100%
Z-Item #1: Master Roshi's Training
Z-Item #2: null
Z-Item #3: null
Z-Item #4: null
Z-Item #5: null
Z-Item #6: Dragon Break
Z-Item #7: Vanishing Break

> Teammate 2
Character: Bardock
Costume: 1
Damaged: false
COM Difficulty Level: 0
Strategy Z-Item: Goku Type
Initial Health: 100%
Z-Item #1: Master Roshi's Training
Z-Item #2: null
Z-Item #3: null
Z-Item #4: null
Z-Item #5: null
Z-Item #6: Dragon Break
Z-Item #7: Vanishing Break

> Teammate 3
Character: Fasha
Costume: 1
Damaged: false
COM Difficulty Level: 0
Strategy Z-Item: Goku Type
Initial Health: 100%
Z-Item #1: Defense -8
Z-Item #2: null
Z-Item #3: null
Z-Item #4: null
Z-Item #5: null
Z-Item #6: Dragon Break
Z-Item #7: Vanishing Break

> Teammate 4
Character: King Vegeta 
Costume: 1
Damaged: false
COM Difficulty Level: 0
Strategy Z-Item: Goku Type
Initial Health: 100%
Z-Item #1: null
Z-Item #2: null
Z-Item #3: null
Z-Item #4: null
Z-Item #5: null
Z-Item #6: Dragon Break
Z-Item #7: Vanishing Break

[Opponent Team]
> Teammate 1
Character: Cui
Costume: 1
Damaged: false
COM Difficulty Level: 5
Strategy Z-Item: Ginyu Type
Initial Health: 100%
Z-Item #1: null
Z-Item #2: null
Z-Item #3: null
Z-Item #4: null
Z-Item #5: null
Z-Item #6: null
Z-Item #7: null

> Teammate 2
Character: Dodoria
Costume: 1
Damaged: false
COM Difficulty Level: 7
Strategy Z-Item: Recoome Type
Initial Health: 100%
Z-Item #1: null
Z-Item #2: null
Z-Item #3: null
Z-Item #4: null
Z-Item #5: null
Z-Item #6: Dragon Break
Z-Item #7: Vanishing Break

> Teammate 3
Character: Zarbon
Costume: 1
Damaged: false
COM Difficulty Level: 8
Strategy Z-Item: Gohan Type
Initial Health: 100%
Z-Item #1: King Kai's Training
Z-Item #2: Defense +32
Z-Item #3: null
Z-Item #4: null
Z-Item #5: null
Z-Item #6: Dragon Break
Z-Item #7: Vanishing Break

> Teammate 4
Character: Frieza - 1st Form
Costume: 1
Damaged: false
COM Difficulty Level: 9
Strategy Z-Item: Goku Type
Initial Health: 100%
Z-Item #1: Strength Enhancement
Z-Item #2: Defense +40
Z-Item #3: Attack +30
Z-Item #4: Power Body
Z-Item #5: null
Z-Item #6: Dragon Crush
Z-Item #7: Vanishing Rush

> Results
Teammate Count (Player 1): 4
Teammate Count (Opponent): 4

[Scene 0]

===Battle Info===
Condition: Win via K.O.
> GSAC ID: 1
Condition: Win via K.O. (Opponent)
> GSAC ID: 40
Event:     Battle Finish

[Scene 1]

===Battle Info===
Condition: Immediate
> GSAC ID: 2
[Changes to Opponent detected.]
> Apply changes to Teammate 2
Event:     Switch with Teammate #2 (Opponent) [AUTO]
Character: Dodoria

[Scene 2]

===Battle Info===
Condition: Win via K.O.
> GSAC ID: 3
Condition: Win via K.O. (Opponent)
> GSAC ID: 41
Event:     Battle Finish

[Scene 3]

===Battle Info===
Condition: Wait 10 seconds
> GSAC ID: 5
Condition: Win via K.O.
> GSAC ID: 38
Condition: Win via K.O. (Opponent)
> GSAC ID: 48
[Changes to Opponent detected.]
> Apply changes to Teammate 3
Event:     Switch with Teammate #3 (Opponent) [AUTO]
Character: Zarbon

[Scene 5]

===Battle Info===
Condition: Wait 30 seconds
> GSAC ID: 6
Condition: Win via K.O. (Opponent)
> GSAC ID: 42
Condition: Win via K.O.
> GSAC ID: 34
[Changes to Player 1 detected.]
> Apply changes to Teammate 3
Event:     Switch with Teammate #3
Character: Fasha

[Scene 6]

===Battle Info===
Condition: Immediate
> GSAC ID: 7
[Changes to Player 1 detected.]
> Apply changes to Teammate 2
Event:     Switch with Teammate #2
Character: Bardock

[Scene 7]

===Battle Info===
Condition: Wait 30 seconds
> GSAC ID: 8
Condition: Lose 3 Health Bars (Opponent) [AUTO]
> GSAC ID: 8
Condition: Win via K.O. (Opponent)
> GSAC ID: 42
Condition: Win via K.O.
> GSAC ID: 35
[Changes to Opponent detected.]
> Z-Item #2: Defense +15
> Z-Item #3: null
> Z-Item #4: null
> Z-Item #5: null
Event:     Battle Finish

[Scene 8]
Lower Current BG Music
BG Music:  Caution!

===Battle Info===
Condition: Wait 10 seconds
> GSAC ID: 9
Condition: Win via K.O. (Opponent)
> GSAC ID: 43
Condition: Win via K.O.
> GSAC ID: 35
[Changes to Opponent detected.]
> Add 100% more Health
> Z-Item #2: Defense +35
> Z-Item #3: Attack +40
> Z-Item #4: Ultimate Body
> Z-Item #5: null
Event:     Assign Transformation (Opponent) [AUTO]
Character: Zarbon - Post-Transformation

[Scene 9]

===Battle Info===
Condition: Immediate
> GSAC ID: 10
[Changes to Player 1 detected.]
> Apply changes to Teammate 3
Event:     Switch with Teammate #3
Character: Fasha

[Scene 10]

===Battle Info===
Condition: Win via K.O.
> GSAC ID: 30
Condition: Win via K.O. (Opponent)
> GSAC ID: 11
Event:     Battle Finish

[Scene 11]

===Battle Info===
Condition: Immediate
> GSAC ID: 12
[Changes to Player 1 detected.]
> Apply changes to Teammate 2
Event:     Switch with Teammate #2
Character: Bardock

[Scene 12]
Lower Current BG Music
BG Music:  Dynamite Battle

===Battle Info===
Condition: Win via K.O.
> GSAC ID: 13
Condition: Win via K.O. (Opponent)
> GSAC ID: 44
[Changes to Player 1 detected.]
> Add 100% more Health
> Z-Item #4: Attack +5
> Z-Item #5: Indignation!
[Changes to Opponent detected.]
> Z-Item #2: null
> Z-Item #3: null
> Z-Item #4: null
> Z-Item #5: null
> Z-Item #6: null
> Z-Item #7: null
Event:     Aerial Clash

[Scene 13]

===Battle Info===
Condition: Immediate
> GSAC ID: 14
[Changes to Opponent detected.]
> Apply changes to Teammate 4
Event:     Switch with Teammate #4 (Opponent) [AUTO]
Character: Frieza - 1st Form

[Scene 14]

===Battle Info===
Condition: Wait 15 seconds
> GSAC ID: 16
Condition: Win via K.O.
> GSAC ID: 33
Condition: Win via K.O. (Opponent)
> GSAC ID: 47
Event:     Battle Finish

[Scene 16]

===Battle Info===
Condition: Immediate
> GSAC ID: 17
[Changes to Player 1 detected.]
> Apply changes to Teammate 4
Event:     Switch with Teammate #4
Character: King Vegeta 

[Scene 17]

===Battle Info===
Condition: Win via K.O. (Opponent)
> GSAC ID: 18
Condition: Win via K.O.
> GSAC ID: 36
Event:     Battle Finish

[Scene 18]

===Battle Info===
Condition: Immediate
> GSAC ID: 19
[Changes to Player 1 detected.]
> Apply changes to Teammate 1
[Changes to Opponent detected.]
> Add 20% more Health
Event:     Switch with Teammate #1
Character: Vegeta (Scouter)

[Scene 19]

===Battle Info===
Condition: Win via K.O.
> GSAC ID: 37
Condition: Win via K.O. (Opponent)
> GSAC ID: 20
Event:     Battle Finish

[Scene 20]

===Battle Info===
Condition: Immediate
> GSAC ID: 21
[Changes to Player 1 detected.]
> Apply changes to Teammate 2
[Changes to Opponent detected.]
> Add 20% more Health
Event:     Switch with Teammate #2
Character: Bardock

[Scene 21]

===Battle Info===
Condition: Win via K.O.
> GSAC ID: 33
Condition: Win via K.O. (Opponent)
> GSAC ID: 47
[Changes to Player 1 detected.]
> Add 100% more Health
[Changes to Opponent detected.]
> Set COM Difficulty Level to 6
> Z-Item #1: Strength Enhancement
> Z-Item #2: Defense +5
> Z-Item #3: Attack +20
> Z-Item #4: null
> Z-Item #5: null
> Z-Item #6: Dragon Crush
> Z-Item #7: Vanishing Rush
Event:     Normal Clash

[Scene 30 (Victory)]

===No Battle Info===

[Scene 31 (Victory)]

===No Battle Info===

[Scene 32 (Victory) - UNUSED]

===No Battle Info===

[Scene 33 (Victory)]

===No Battle Info===

[Scene 34 (Victory)]

===No Battle Info===

[Scene 35 (Victory)]

===No Battle Info===

[Scene 36 (Victory)]

===No Battle Info===

[Scene 37 (Victory)]

===No Battle Info===

[Scene 38 (Victory)]

===No Battle Info===

[Scene 40 (Defeat)]

===No Battle Info===

[Scene 41 (Defeat)]

===No Battle Info===

[Scene 42 (Defeat)]

===No Battle Info===

[Scene 43 (Defeat)]

===No Battle Info===

[Scene 44 (Defeat)]

===No Battle Info===

[Scene 45 (Defeat)]

===No Battle Info===

[Scene 46 (Defeat) - UNUSED]

===No Battle Info===

[Scene 47 (Defeat)]

===No Battle Info===

[Scene 48 (Defeat)]

===No Battle Info===

[Scene 4 - UNUSED]

===Battle Info===
Condition: Immediate
> GSAC ID: 5
[Changes to Player 1 detected.]
> Apply changes to Teammate 3
Event:     Switch with Teammate #3
Character: Fasha

[Scene 15 - UNUSED]

===Battle Info===
Condition: Wait 25 seconds
> GSAC ID: 16
Condition: Win via K.O. (Opponent)
> GSAC ID: 45
Condition: Win via K.O.
> GSAC ID: 31
[Changes to Player 1 detected.]
> Add 100% more Health
Event:     Battle Finish
